<?xml version="1.0" encoding="UTF-8"?>
<!-- Generated by org.testng.reporters.JUnitReportReporter -->
<testsuite hostname="IR-C02PW2DWG8WP" name="innRoadApi.QAApiTesting.SuiteA.Testxyz" tests="1" failures="0" timestamp="21 Oct 2015 15:14:34 GMT" time="0.462" errors="0">
  <testcase name="test1" time="0.462" classname="innRoadApi.QAApiTesting.SuiteA.Testxyz"/>
</testsuite> <!-- innRoadApi.QAApiTesting.SuiteA.Testxyz -->
