<?xml version="1.0" encoding="UTF-8"?>
<!-- Generated by org.testng.reporters.JUnitReportReporter -->
<testsuite hostname="IR-C02PW2DWG8WP" name="innRoad.QAApiTesting.SuiteA.GetTest" tests="4" failures="0" timestamp="23 Oct 2015 21:01:08 GMT" time="0.149" errors="0">
  <testcase name="getTest" time="0.031" classname="innRoad.QAApiTesting.SuiteA.GetTest"/>
  <testcase name="getTest" time="0.034" classname="innRoad.QAApiTesting.SuiteA.GetTest"/>
  <testcase name="getTest" time="0.048" classname="innRoad.QAApiTesting.SuiteA.GetTest"/>
  <testcase name="getTest" time="0.036" classname="innRoad.QAApiTesting.SuiteA.GetTest"/>
</testsuite> <!-- innRoad.QAApiTesting.SuiteA.GetTest -->
