<?xml version="1.0" encoding="UTF-8"?>
<!-- Generated by org.testng.reporters.JUnitReportReporter -->
<testsuite hostname="IR-C02PW2DWG8WP" name="innRoad.QAApiTesting.SuiteA.PutTest" tests="1" failures="0" timestamp="23 Oct 2015 20:56:59 GMT" time="0.028" errors="0">
  <testcase name="putTest" time="0.028" classname="innRoad.QAApiTesting.SuiteA.PutTest"/>
</testsuite> <!-- innRoad.QAApiTesting.SuiteA.PutTest -->
