<?xml version="1.0" encoding="UTF-8"?>
<!-- Generated by org.testng.reporters.JUnitReportReporter -->
<testsuite hostname="IR-C02PW2DWG8WP" name="innRoad.QAApiTesting.SuiteA.ApiTest1" tests="4" failures="0" timestamp="27 Oct 2015 15:39:17 GMT" time="0.136" errors="0">
  <testcase name="test1" time="0.044" classname="innRoad.QAApiTesting.SuiteA.ApiTest1"/>
  <testcase name="test1" time="0.034" classname="innRoad.QAApiTesting.SuiteA.ApiTest1"/>
  <testcase name="test1" time="0.033" classname="innRoad.QAApiTesting.SuiteA.ApiTest1"/>
  <testcase name="test1" time="0.025" classname="innRoad.QAApiTesting.SuiteA.ApiTest1"/>
</testsuite> <!-- innRoad.QAApiTesting.SuiteA.ApiTest1 -->
