<?xml version="1.0" encoding="UTF-8"?>
<!-- Generated by org.testng.reporters.JUnitReportReporter -->
<testsuite hostname="IR-C02PW2DWG8WP" name="innRoadApi.QAApiTesting.SuiteA.Test1" tests="3" failures="0" timestamp="23 Oct 2015 18:22:03 GMT" time="0.141" errors="0">
  <testcase name="test1" time="0.044" classname="innRoadApi.QAApiTesting.SuiteA.Test1"/>
  <testcase name="test1" time="0.053" classname="innRoadApi.QAApiTesting.SuiteA.Test1"/>
  <testcase name="test1" time="0.044" classname="innRoadApi.QAApiTesting.SuiteA.Test1"/>
</testsuite> <!-- innRoadApi.QAApiTesting.SuiteA.Test1 -->
