<?xml version="1.0" encoding="UTF-8"?>
<!-- Generated by org.testng.reporters.JUnitReportReporter -->
<testsuite hostname="IR-C02PW2DWG8WP" name="innRoadApi.QAApiTesting.SuiteA.Test1" tests="3" failures="0" timestamp="23 Oct 2015 15:16:16 GMT" time="0.108" errors="0">
  <testcase name="test1" time="0.032" classname="innRoadApi.QAApiTesting.SuiteA.Test1"/>
  <testcase name="test1" time="0.050" classname="innRoadApi.QAApiTesting.SuiteA.Test1"/>
  <testcase name="test1" time="0.026" classname="innRoadApi.QAApiTesting.SuiteA.Test1"/>
</testsuite>
