<?xml version="1.0" encoding="UTF-8"?>
<!-- Generated by org.testng.reporters.JUnitReportReporter -->
<testsuite hostname="IR-C02PW2DWG8WP" name="com.innRoad.APITest.ApiTest1" tests="4" failures="0" timestamp="27 Oct 2015 23:20:43 GMT" time="0.138" errors="0">
  <testcase name="test1" time="0.030" classname="com.innRoad.APITest.ApiTest1"/>
  <testcase name="test1" time="0.044" classname="com.innRoad.APITest.ApiTest1"/>
  <testcase name="test1" time="0.030" classname="com.innRoad.APITest.ApiTest1"/>
  <testcase name="test1" time="0.034" classname="com.innRoad.APITest.ApiTest1"/>
</testsuite> <!-- com.innRoad.APITest.ApiTest1 -->
